<?xml version="1.0" encoding="UTF-8"?>
<!-- Generated by org.testng.reporters.JUnitXMLReporter -->
<testsuite ignored="0" hostname="Madhus-MacBook-Air.local" failures="0" tests="4" name="Default test" time="10.575" errors="0" timestamp="2024-12-13T17:57:10 GMT-06:00">
  <testcase classname="com.salesforce.testcases.SFDCLoginTestCases" name="PasswordFeildEmptyTest" time="0.503"/>
  <testcase classname="com.salesforce.testcases.SFDCLoginTestCases" name="ValidLoginTest" time="1.716"/>
  <testcase classname="com.salesforce.testcases.SFDCLoginTestCases" name="RemberMeChkBoxTest" time="2.518"/>
  <testcase classname="com.salesforce.testcases.SFDCLoginTestCases" name="CheckforIncorrectCrdentials" time="0.209"/>
</testsuite> <!-- Default test -->
