<?xml version="1.0" encoding="UTF-8"?>
<!-- Generated by org.testng.reporters.JUnitXMLReporter -->
<testsuite ignored="0" hostname="Madhus-MacBook-Air.local" failures="0" tests="4" name="Regression" time="12.496" errors="0" timestamp="2024-12-13T13:30:03 GMT-06:00">
  <testcase classname="com.salesforce.testcases.SFDCLoginTestCases" name="PasswordFeildEmptyTest" time="0.53"/>
  <testcase classname="com.salesforce.testcases.SFDCLoginTestCases" name="ValidLoginTest" time="1.356"/>
  <testcase classname="com.salesforce.testcases.SFDCLoginTestCases" name="RemberMeChkBoxTest" time="3.514"/>
  <testcase classname="com.salesforce.testcases.SFDCLoginTestCases" name="CheckforIncorrectCrdentials" time="0.263"/>
</testsuite> <!-- Regression -->
